.\run.bat : '/' is not 
recognized as an internal 
or external command,
At line:1 char:1
+ .\run.bat > 
debug_layout.log 2>&1
+ ~~~~~~~~~~~~~~~~~~~~~~~~~~
~~~~~~~
    + CategoryInfo          
    : NotSpecified: ('/' i  
  s not reco...ternal com   
 mand,:String) [], Remot    
eException
    + FullyQualifiedErrorId 
    : NativeCommandError
 
operable program or batch 
file.
=== Hotel Management System ===

[1/3] Compiling project...
[2/3] Compilation successful!
[3/3] Copying resources...

Starting application...

WARNING: A restricted 
method in java.lang.System 
has been called
WARNING: 
java.lang.System::load has 
been called by com.sun.glass
.utils.NativeLibLoader in 
module javafx.graphics (file
:/C:/Users/user/Desktop/Hote
l-management-system/javafx-s
dk-17.0.2/lib/javafx.graphic
s.jar)
WARNING: Use --enable-native
-access=javafx.graphics to 
avoid a warning for callers 
in this module
WARNING: Restricted methods 
will be blocked in a future 
release unless native 
access is enabled

Loading FXML: /com/hotel/view/dashboard.fxml
DashboardController constructor starting...
Database connection established successfully!
DashboardController constructor completed
DashboardController.initialize() called
FXML loaded successfully
View displayed successfully
WARNING: A terminally 
deprecated method in 
sun.misc.Unsafe has been 
called
WARNING: sun.misc.Unsafe::al
locateMemory has been 
called by 
com.sun.marlin.OffHeapArray 
(file:/C:/Users/user/Desktop
/Hotel-management-system/jav
afx-sdk-17.0.2/lib/javafx.gr
aphics.jar)
WARNING: Please consider 
reporting this to the 
maintainers of class 
com.sun.marlin.OffHeapArray
WARNING: sun.misc.Unsafe::al
locateMemory will be 
removed in a future release
Loading FXML: /com/hotel/view/reservations.fxml
FXML loaded successfully
View displayed successfully
Loading FXML: /com/hotel/view/guests.fxml
FXML loaded successfully
View displayed successfully
Loading FXML: /com/hotel/view/reservations.fxml
FXML loaded successfully
View displayed successfully
