=== Hotel Management System ===

[1/3] Compiling project...
[2/3] Compilation successful!
[3/3] Copying resources...

Starting application...

powershell : 
WARNING: A 
restricted method in 
java.lang.System has 
been called
At line:1 char:1
+ powershell 
-ExecutionPolicy 
Bypass -File 
.\run.ps1 > 
final_boot.log 2 ...
+ ~~~~~~~~~~~~~~~~~~~
~~~~~~~~~~~~~~~~~~~~~
~~~~~~~~~~~~~~~~~~~~~
~~~~~~~~
    + CategoryInfo   
           : 
NotSpecified: (WARNI 
   NG: A rest...has 
been c    
alled:String) [], 
Remot    eException
    + FullyQualifiedE
rrorId     : 
NativeCommandError
 
WARNING: java.lang.Sy
stem::load has been 
called by com.sun.gla
ss.utils.NativeLibLoa
der in module 
javafx.graphics (file
:/C:/Users/user/Deskt
op/Hotel-management-s
ystem/javafx-sdk-17.0
.2/lib/javafx.graphic
s.jar)
WARNING: Use --enable
-native-access=javafx
.graphics to avoid a 
warning for callers 
in this module
WARNING: Restricted 
methods will be 
blocked in a future 
release unless 
native access is 
enabled

Loading FXML: /com/hotel/view/dashboard.fxml
DashboardController constructor starting...
Database connection established successfully!
DashboardController constructor completed
DashboardController.initialize() called
FXML loaded successfully
View displayed successfully
WARNING: A 
terminally 
deprecated method in 
sun.misc.Unsafe has 
been called
WARNING: sun.misc.Uns
afe::allocateMemory 
has been called by co
m.sun.marlin.OffHeapA
rray (file:/C:/Users/
user/Desktop/Hotel-ma
nagement-system/javaf
x-sdk-17.0.2/lib/java
fx.graphics.jar)
WARNING: Please 
consider reporting 
this to the 
maintainers of class 
com.sun.marlin.OffHea
pArray
WARNING: sun.misc.Uns
afe::allocateMemory 
will be removed in a 
future release
Loading FXML: /com/hotel/view/rooms.fxml
FXML loaded successfully
View displayed successfully
Loading FXML: /com/hotel/view/reservations.fxml
FXML loaded successfully
View displayed successfully
Loading FXML: /com/hotel/view/rooms.fxml
FXML loaded successfully
View displayed successfully
