=== Hotel Management System ===

[1/3] Compiling project...
[2/3] Compilation successful!
[3/3] Copying resources...

Starting application...

WARNING: A restricted method in java.lang.System has been called
WARNING: java.lang.System::load has been called by com.sun.glass.utils.NativeLibLoader in module javafx.graphics (file:/C:/Users/user/Desktop/HMS/javafx-sdk-17.0.2/lib/javafx.graphics.jar)
WARNING: Use --enable-native-access=javafx.graphics to avoid a warning for callers in this module
WARNING: Restricted methods will be blocked in a future release unless native access is enabled

Loading FXML: /com/hotel/view/dashboard.fxml
DashboardController constructor starting...
Failed to connect to database!
java.sql.SQLException: Access denied for user 'root'@'localhost' (using password: NO)
	at mysql.connector.j@8.0.33/com.mysql.cj.jdbc.exceptions.SQLError.createSQLException(SQLError.java:130)
	at mysql.connector.j@8.0.33/com.mysql.cj.jdbc.exceptions.SQLExceptionsMapping.translateException(SQLExceptionsMapping.java:122)
	at mysql.connector.j@8.0.33/com.mysql.cj.jdbc.ConnectionImpl.createNewIO(ConnectionImpl.java:825)
	at mysql.connector.j@8.0.33/com.mysql.cj.jdbc.ConnectionImpl.<init>(ConnectionImpl.java:446)
	at mysql.connector.j@8.0.33/com.mysql.cj.jdbc.ConnectionImpl.getInstance(ConnectionImpl.java:239)
	at mysql.connector.j@8.0.33/com.mysql.cj.jdbc.NonRegisteringDriver.connect(NonRegisteringDriver.java:188)
	at java.sql/java.sql.DriverManager.getConnection(DriverManager.java:613)
	at java.sql/java.sql.DriverManager.getConnection(DriverManager.java:199)
	at com.hotel.service.DatabaseManager.<init>(DatabaseManager.java:16)
	at com.hotel.service.DatabaseManager.getInstance(DatabaseManager.java:32)
	at com.hotel.dao.GuestDAO.<init>(GuestDAO.java:14)
	at com.hotel.controller.DashboardController.<init>(DashboardController.java:27)
	at java.base/jdk.internal.reflect.DirectConstructorHandleAccessor.newInstance(DirectConstructorHandleAccessor.java:62)
	at java.base/java.lang.reflect.Constructor.newInstanceWithCaller(Constructor.java:499)
	at java.base/java.lang.reflect.Constructor.newInstance(Constructor.java:483)
	at javafx.fxml/javafx.fxml.FXMLLoader$ValueElement.processAttribute(FXMLLoader.java:939)
	at javafx.fxml/javafx.fxml.FXMLLoader$InstanceDeclarationElement.processAttribute(FXMLLoader.java:981)
	at javafx.fxml/javafx.fxml.FXMLLoader$Element.processStartElement(FXMLLoader.java:230)
	at javafx.fxml/javafx.fxml.FXMLLoader$ValueElement.processStartElement(FXMLLoader.java:755)
	at javafx.fxml/javafx.fxml.FXMLLoader.processStartElement(FXMLLoader.java:2808)
	at javafx.fxml/javafx.fxml.FXMLLoader.loadImpl(FXMLLoader.java:2634)
	at javafx.fxml/javafx.fxml.FXMLLoader.loadImpl(FXMLLoader.java:2548)
	at javafx.fxml/javafx.fxml.FXMLLoader.load(FXMLLoader.java:2516)
	at com.hotel.util.NavigationUtil.loadView(NavigationUtil.java:21)
	at com.hotel.util.NavigationUtil.loadDashboard(NavigationUtil.java:57)
	at com.hotel.HotelManagementApp.start(HotelManagementApp.java:21)
	at javafx.graphics/com.sun.javafx.application.LauncherImpl.lambda$launchApplication1$9(LauncherImpl.java:847)
	at javafx.graphics/com.sun.javafx.application.PlatformImpl.lambda$runAndWait$12(PlatformImpl.java:484)
	at javafx.graphics/com.sun.javafx.application.PlatformImpl.lambda$runLater$10(PlatformImpl.java:457)
	at java.base/java.security.AccessController.doPrivileged(AccessController.java:138)
	at javafx.graphics/com.sun.javafx.application.PlatformImpl.lambda$runLater$11(PlatformImpl.java:456)
	at javafx.graphics/com.sun.glass.ui.InvokeLaterDispatcher$Future.run(InvokeLaterDispatcher.java:96)
	at javafx.graphics/com.sun.glass.ui.win.WinApplication._runLoop(Native Method)
	at javafx.graphics/com.sun.glass.ui.win.WinApplication.lambda$runLoop$3(WinApplication.java:184)
	at java.base/java.lang.Thread.run(Thread.java:1474)
DashboardController constructor completed
ERROR loading view: /com/hotel/view/dashboard.fxml
javafx.fxml.LoadException: 
/C:/Users/user/Desktop/HMS/bin/com/hotel/view/dashboard.fxml:77

	at javafx.fxml/javafx.fxml.FXMLLoader.constructLoadException(FXMLLoader.java:2707)
	at javafx.fxml/javafx.fxml.FXMLLoader.loadImpl(FXMLLoader.java:2685)
	at javafx.fxml/javafx.fxml.FXMLLoader.loadImpl(FXMLLoader.java:2548)
	at javafx.fxml/javafx.fxml.FXMLLoader.load(FXMLLoader.java:2516)
	at com.hotel.util.NavigationUtil.loadView(NavigationUtil.java:21)
	at com.hotel.util.NavigationUtil.loadDashboard(NavigationUtil.java:57)
	at com.hotel.HotelManagementApp.start(HotelManagementApp.java:21)
	at javafx.graphics/com.sun.javafx.application.LauncherImpl.lambda$launchApplication1$9(LauncherImpl.java:847)
	at javafx.graphics/com.sun.javafx.application.PlatformImpl.lambda$runAndWait$12(PlatformImpl.java:484)
	at javafx.graphics/com.sun.javafx.application.PlatformImpl.lambda$runLater$10(PlatformImpl.java:457)
	at java.base/java.security.AccessController.doPrivileged(AccessController.java:138)
	at javafx.graphics/com.sun.javafx.application.PlatformImpl.lambda$runLater$11(PlatformImpl.java:456)
	at javafx.graphics/com.sun.glass.ui.InvokeLaterDispatcher$Future.run(InvokeLaterDispatcher.java:96)
	at javafx.graphics/com.sun.glass.ui.win.WinApplication._runLoop(Native Method)
	at javafx.graphics/com.sun.glass.ui.win.WinApplication.lambda$runLoop$3(WinApplication.java:184)
	at java.base/java.lang.Thread.run(Thread.java:1474)
Caused by: java.lang.IllegalArgumentException: Invalid path.
	at javafx.fxml/com.sun.javafx.fxml.expression.KeyPath.parse(KeyPath.java:196)
	at javafx.fxml/com.sun.javafx.fxml.expression.KeyPath.parse(KeyPath.java:96)
	at javafx.fxml/javafx.fxml.FXMLLoader$Element.resolvePrefixedValue(FXMLLoader.java:453)
	at javafx.fxml/javafx.fxml.FXMLLoader$Element.processValue(FXMLLoader.java:373)
	at javafx.fxml/javafx.fxml.FXMLLoader$Element.processPropertyAttribute(FXMLLoader.java:335)
	at javafx.fxml/javafx.fxml.FXMLLoader$Element.processInstancePropertyAttributes(FXMLLoader.java:245)
	at javafx.fxml/javafx.fxml.FXMLLoader$ValueElement.processEndElement(FXMLLoader.java:778)
	at javafx.fxml/javafx.fxml.FXMLLoader.processEndElement(FXMLLoader.java:2924)
	at javafx.fxml/javafx.fxml.FXMLLoader.loadImpl(FXMLLoader.java:2639)
	... 14 more
WARNING: A terminally deprecated method in sun.misc.Unsafe has been called
WARNING: sun.misc.Unsafe::allocateMemory has been called by com.sun.marlin.OffHeapArray (file:/C:/Users/user/Desktop/HMS/javafx-sdk-17.0.2/lib/javafx.graphics.jar)
WARNING: Please consider reporting this to the maintainers of class com.sun.marlin.OffHeapArray
WARNING: sun.misc.Unsafe::allocateMemory will be removed in a future release
